Base path: C:/Program Files/Unity/Editor/Data
Cmd: initializeCompiler
Cmd: compileComputeKernel
  error: 2 plat 4 at SPH.compute(14): syntax error: unexpected token '['
  api=4 insize=869 outsize=0 ok=0
Cmd: initializeCompiler
Cmd: initializeCompiler
Cmd: initializeCompiler
Cmd: initializeCompiler
Cmd: initializeCompiler
Cmd: initializeCompiler
Cmd: initializeCompiler
Cmd: compileComputeKernel
  error: 2 plat 4 at SPH.compute(20): syntax error: unexpected token '>'
  api=4 insize=862 outsize=0 ok=0
Cmd: initializeCompiler
Cmd: initializeCompiler
Cmd: compileComputeKernel
  error: 2 plat 4 at SPH.compute(39): cannot implicitly convert from 'const float3' to 'struct Particle'
  api=4 insize=892 outsize=0 ok=0
Cmd: compileComputeKernel
  error: 2 plat 4 at SPH.compute(39): cannot implicitly convert from 'const float3' to 'struct Particle'
  api=4 insize=901 outsize=0 ok=0
Cmd: compileComputeKernel
  api=4 insize=895 outsize=197 ok=1
Cmd: initializeCompiler
Cmd: initializeCompiler
Cmd: initializeCompiler
Cmd: initializeCompiler
Cmd: initializeCompiler
Cmd: initializeCompiler
Cmd: initializeCompiler
Cmd: initializeCompiler
Cmd: initializeCompiler
Cmd: initializeCompiler
Cmd: initializeCompiler
Cmd: initializeCompiler
Cmd: initializeCompiler
Cmd: initializeCompiler
Cmd: initializeCompiler
Cmd: compileComputeKernel
  error: 2 plat 4 at SPH.compute(17): 'Test::testArray': array dimensions of struct/class members must be explicit
  api=4 insize=953 outsize=0 ok=0
Cmd: compileComputeKernel
  error: 2 plat 4 at SPH.compute(22): syntax error: unexpected token 'Test'
  api=4 insize=915 outsize=0 ok=0
Cmd: initializeCompiler
Cmd: initializeCompiler
