Base path: C:/Program Files/Unity/Editor/Data
Cmd: initializeCompiler
Cmd: compileComputeKernel
  error: 2 plat 4 at SPH.compute(20): syntax error: unexpected token '>'
  api=4 insize=863 outsize=0 ok=0
Cmd: compileComputeKernel
  error: 2 plat 4 at SPH.compute(39): cannot implicitly convert from 'const float3' to 'struct Particle'
  api=4 insize=891 outsize=0 ok=0
Cmd: initializeCompiler
Cmd: compileComputeKernel
  error: 2 plat 4 at SPH.compute(39): cannot convert from 'const float' to 'struct Particle'
  api=4 insize=881 outsize=0 ok=0
Cmd: initializeCompiler
Cmd: initializeCompiler
Cmd: initializeCompiler
Cmd: initializeCompiler
Cmd: initializeCompiler
Cmd: initializeCompiler
Cmd: initializeCompiler
Cmd: initializeCompiler
Cmd: initializeCompiler
Cmd: initializeCompiler
Cmd: initializeCompiler
Cmd: initializeCompiler
Cmd: initializeCompiler
Cmd: compileComputeKernel
  api=4 insize=930 outsize=413 ok=1
Cmd: initializeCompiler
Cmd: initializeCompiler
Cmd: compileComputeKernel
  error: 2 plat 4 at SPH.compute(17): syntax error: unexpected token '['
  api=4 insize=953 outsize=0 ok=0
Cmd: compileComputeKernel
  error: 2 plat 4 at SPH.compute(17): syntax error: unexpected token '['
  api=4 insize=957 outsize=0 ok=0
Cmd: initializeCompiler
Cmd: initializeCompiler
