Base path: C:/Program Files/Unity/Editor/Data
Cmd: initializeCompiler
Cmd: initializeCompiler
Cmd: initializeCompiler
Cmd: initializeCompiler
Cmd: initializeCompiler
Cmd: compileSnippet
  api=4 type=0 insize=1564 outsize=1638 kw=UNITY_PASS_FORWARDBASE DIRECTIONAL pd=UNITY_ENABLE_REFLECTION_BUFFERS UNITY_USE_DITHER_MASK_FOR_ALPHABLENDED_SHADOWS UNITY_PBS_USE_BRDF1 UNITY_SPECCUBE_BOX_PROJECTION UNITY_SPECCUBE_BLENDING UNITY_ENABLE_DETAIL_NORMALMAP SHADER_API_DESKTOP UNITY_COLORSPACE_GAMMA UNITY_LIGHT_PROBE_PROXY_VOLUME UNITY_LIGHTMAP_FULL_HDR ok=1
Cmd: compileSnippet
  api=4 type=1 insize=1564 outsize=5590 kw=UNITY_PASS_FORWARDBASE DIRECTIONAL pd=UNITY_ENABLE_REFLECTION_BUFFERS UNITY_USE_DITHER_MASK_FOR_ALPHABLENDED_SHADOWS UNITY_PBS_USE_BRDF1 UNITY_SPECCUBE_BOX_PROJECTION UNITY_SPECCUBE_BLENDING UNITY_ENABLE_DETAIL_NORMALMAP SHADER_API_DESKTOP UNITY_COLORSPACE_GAMMA UNITY_LIGHT_PROBE_PROXY_VOLUME UNITY_LIGHTMAP_FULL_HDR ok=1
Cmd: initializeCompiler
Cmd: initializeCompiler
Cmd: initializeCompiler
Cmd: initializeCompiler
Cmd: initializeCompiler
Cmd: initializeCompiler
Cmd: initializeCompiler
Cmd: initializeCompiler
Cmd: initializeCompiler
Cmd: initializeCompiler
Cmd: initializeCompiler
Cmd: initializeCompiler
Cmd: initializeCompiler
Cmd: initializeCompiler
Cmd: initializeCompiler
Cmd: initializeCompiler
Cmd: initializeCompiler
Cmd: preprocessCompute
  insize=866 outsize=869 ok=1
Cmd: initializeCompiler
Cmd: preprocessCompute
  insize=917 outsize=920 ok=1
Cmd: initializeCompiler
Cmd: preprocessCompute
  insize=862 outsize=863 ok=1
Cmd: compileComputeKernel
  error: 2 plat 4 at SPH.compute(20): syntax error: unexpected token '>'
  api=4 insize=863 outsize=0 ok=0
Cmd: initializeCompiler
Cmd: initializeCompiler
Cmd: initializeCompiler
Cmd: initializeCompiler
Cmd: initializeCompiler
Cmd: preprocessCompute
  insize=861 outsize=862 ok=1
Cmd: initializeCompiler
Cmd: preprocessCompute
  insize=862 outsize=863 ok=1
Cmd: preprocessCompute
  insize=911 outsize=914 ok=1
Cmd: compileComputeKernel
  error: 2 plat 4 at SPH.compute(21): syntax error: unexpected token '>'
  api=4 insize=914 outsize=0 ok=0
Cmd: preprocessCompute
  insize=888 outsize=891 ok=1
Cmd: compileComputeKernel
  error: 2 plat 4 at SPH.compute(39): cannot implicitly convert from 'const float3' to 'struct Particle'
  api=4 insize=891 outsize=0 ok=0
Cmd: initializeCompiler
Cmd: preprocessCompute
  insize=889 outsize=892 ok=1
Cmd: preprocessCompute
  insize=898 outsize=901 ok=1
Cmd: compileComputeKernel
  error: 2 plat 4 at SPH.compute(39): cannot implicitly convert from 'const float3' to 'struct Particle'
  api=4 insize=901 outsize=0 ok=0
Cmd: preprocessCompute
  insize=899 outsize=902 ok=1
Cmd: compileComputeKernel
  error: 2 plat 4 at SPH.compute(39): cannot implicitly convert from 'const float3' to 'struct Particle'
  api=4 insize=902 outsize=0 ok=0
Cmd: preprocessCompute
  insize=878 outsize=881 ok=1
Cmd: preprocessCompute
  insize=872 outsize=875 ok=1
Cmd: compileComputeKernel
  error: 2 plat 4 at SPH.compute(39): cannot implicitly convert from 'float3' to 'struct Particle'
  api=4 insize=875 outsize=0 ok=0
Cmd: preprocessCompute
  insize=892 outsize=895 ok=1
Cmd: compileComputeKernel
  api=4 insize=895 outsize=441 ok=1
Cmd: initializeCompiler
Cmd: initializeCompiler
Cmd: initializeCompiler
Cmd: initializeCompiler
Cmd: initializeCompiler
Cmd: preprocessCompute
  insize=894 outsize=897 ok=1
Cmd: compileComputeKernel
  api=4 insize=897 outsize=197 ok=1
Cmd: initializeCompiler
Cmd: initializeCompiler
Cmd: initializeCompiler
Cmd: preprocessCompute
  insize=892 outsize=895 ok=1
Cmd: initializeCompiler
Cmd: initializeCompiler
Cmd: initializeCompiler
Cmd: initializeCompiler
Cmd: initializeCompiler
Cmd: preprocessCompute
  insize=927 outsize=930 ok=1
Cmd: initializeCompiler
Cmd: initializeCompiler
Cmd: preprocessCompute
  insize=950 outsize=953 ok=1
Cmd: preprocessCompute
  insize=950 outsize=953 ok=1
Cmd: compileComputeKernel
  error: 2 plat 4 at SPH.compute(17): 'Test::testArray': array dimensions of struct/class members must be explicit
  api=4 insize=953 outsize=0 ok=0
Cmd: preprocessCompute
  insize=953 outsize=956 ok=1
Cmd: preprocessCompute
  insize=954 outsize=957 ok=1
Cmd: compileComputeKernel
  error: 2 plat 4 at SPH.compute(17): syntax error: unexpected token '['
  api=4 insize=957 outsize=0 ok=0
Cmd: preprocessCompute
  insize=912 outsize=915 ok=1
Cmd: compileComputeKernel
  error: 2 plat 4 at SPH.compute(22): syntax error: unexpected token 'Test'
  api=4 insize=915 outsize=0 ok=0
Cmd: initializeCompiler
Cmd: preprocessCompute
  insize=880 outsize=883 ok=1
Cmd: compileComputeKernel
  api=4 insize=883 outsize=441 ok=1
Cmd: initializeCompiler
