Base path: C:/Program Files/Unity/Editor/Data
Cmd: initializeCompiler
Cmd: compileComputeKernel
  error: 2 plat 4 at SPH.compute(20): syntax error: unexpected token '>'
  api=4 insize=863 outsize=0 ok=0
Cmd: initializeCompiler
Cmd: initializeCompiler
Cmd: initializeCompiler
Cmd: initializeCompiler
Cmd: initializeCompiler
Cmd: compileComputeKernel
  error: 2 plat 4 at SPH.compute(20): syntax error: unexpected token '>'
  api=4 insize=862 outsize=0 ok=0
Cmd: initializeCompiler
Cmd: compileComputeKernel
  error: 2 plat 4 at SPH.compute(20): syntax error: unexpected token '>'
  api=4 insize=863 outsize=0 ok=0
Cmd: compileComputeKernel
  error: 2 plat 4 at SPH.compute(21): syntax error: unexpected token '>'
  api=4 insize=914 outsize=0 ok=0
Cmd: initializeCompiler
Cmd: compileComputeKernel
  error: 2 plat 4 at SPH.compute(39): cannot implicitly convert from 'const float3' to 'struct Particle'
  api=4 insize=892 outsize=0 ok=0
Cmd: compileComputeKernel
  error: 2 plat 4 at SPH.compute(39): cannot implicitly convert from 'const float3' to 'struct Particle'
  api=4 insize=902 outsize=0 ok=0
Cmd: compileComputeKernel
  error: 2 plat 4 at SPH.compute(39): cannot convert from 'const float' to 'struct Particle'
  api=4 insize=881 outsize=0 ok=0
Cmd: initializeCompiler
Cmd: initializeCompiler
Cmd: initializeCompiler
Cmd: initializeCompiler
Cmd: initializeCompiler
Cmd: initializeCompiler
Cmd: initializeCompiler
Cmd: initializeCompiler
Cmd: initializeCompiler
Cmd: initializeCompiler
Cmd: initializeCompiler
Cmd: initializeCompiler
Cmd: initializeCompiler
Cmd: initializeCompiler
Cmd: initializeCompiler
Cmd: compileComputeKernel
  error: 2 plat 4 at SPH.compute(17): syntax error: unexpected token '['
  api=4 insize=956 outsize=0 ok=0
Cmd: initializeCompiler
Cmd: initializeCompiler
